<?xml version="1.0" encoding="UTF-8"?>
<!-- Generated by org.testng.reporters.JUnitReportReporter -->
<testsuite hostname="Naba" failures="0" tests="2" name="com.Guru99Test.testcases.RegistrationTestCases" time="4.527" errors="0" timestamp="2024-04-03T16:52:43 IST" skipped="1">
  <testcase classname="com.Guru99Test.testcases.RegistrationTestCases" name="Registration" time="4.527"/>
  <testcase classname="com.Guru99Test.testcases.RegistrationTestCases" name="VerifyLogin">
    <skipped/>
  </testcase> <!-- VerifyLogin -->
</testsuite> <!-- com.Guru99Test.testcases.RegistrationTestCases -->
